<?xml version="1.0" encoding="UTF-8"?>
<testsuite name="edu.odu.cs.cs350.TestToken" tests="1" skipped="0" failures="0" errors="0" timestamp="2022-04-15T23:32:38" hostname="DESKTOP-UCVMSB3" time="0.001">
  <properties/>
  <testcase name="testConstructor()" classname="edu.odu.cs.cs350.TestToken" time="0.001"/>
  <system-out><![CDATA[]]></system-out>
  <system-err><![CDATA[]]></system-err>
</testsuite>
