<?xml version="1.0" encoding="UTF-8"?>
<testsuite name="edu.odu.cs.cs350.TestBlock" tests="2" skipped="0" failures="0" errors="0" timestamp="2022-04-15T23:32:38" hostname="DESKTOP-UCVMSB3" time="0.026">
  <properties/>
  <testcase name="testBreakIntoTokens()" classname="edu.odu.cs.cs350.TestBlock" time="0.013"/>
  <testcase name="testConstructor()" classname="edu.odu.cs.cs350.TestBlock" time="0.012"/>
  <system-out><![CDATA[]]></system-out>
  <system-err><![CDATA[]]></system-err>
</testsuite>
