<?xml version="1.0" encoding="UTF-8"?>
<testsuite name="edu.odu.cs.cs350.TestFeatureSet" tests="1" skipped="0" failures="0" errors="0" timestamp="2022-04-25T20:47:50" hostname="DESKTOP-UCVMSB3" time="0.006">
  <properties/>
  <testcase name="test()" classname="edu.odu.cs.cs350.TestFeatureSet" time="0.006"/>
  <system-out><![CDATA[]]></system-out>
  <system-err><![CDATA[]]></system-err>
</testsuite>
